Determining if the pthread_create exist failed with the following output:
Change Dir: /home/koliver/Documents/1213/MAVkit-master/build/CMakeFiles/CMakeTmp

Run Build Command:"/usr/bin/make" "cmTC_c28fb/fast"
/usr/bin/make -f CMakeFiles/cmTC_c28fb.dir/build.make CMakeFiles/cmTC_c28fb.dir/build
make[1]: Entering directory `/home/koliver/Documents/1213/MAVkit-master/build/CMakeFiles/CMakeTmp'
Building C object CMakeFiles/cmTC_c28fb.dir/CheckSymbolExists.c.o
/usr/bin/cc     -o CMakeFiles/cmTC_c28fb.dir/CheckSymbolExists.c.o   -c /home/koliver/Documents/1213/MAVkit-master/build/CMakeFiles/CMakeTmp/CheckSymbolExists.c
Linking C executable cmTC_c28fb
/usr/local/bin/cmake -E cmake_link_script CMakeFiles/cmTC_c28fb.dir/link.txt --verbose=1
/usr/bin/cc       CMakeFiles/cmTC_c28fb.dir/CheckSymbolExists.c.o  -o cmTC_c28fb -rdynamic 
CMakeFiles/cmTC_c28fb.dir/CheckSymbolExists.c.o: In function `main':
CheckSymbolExists.c:(.text+0xa): undefined reference to `pthread_create'
collect2: error: ld returned 1 exit status
make[1]: *** [cmTC_c28fb] Error 1
make[1]: Leaving directory `/home/koliver/Documents/1213/MAVkit-master/build/CMakeFiles/CMakeTmp'
make: *** [cmTC_c28fb/fast] Error 2

File /home/koliver/Documents/1213/MAVkit-master/build/CMakeFiles/CMakeTmp/CheckSymbolExists.c:
/* */
#include <pthread.h>

int main(int argc, char** argv)
{
  (void)argv;
#ifndef pthread_create
  return ((int*)(&pthread_create))[argc];
#else
  (void)argc;
  return 0;
#endif
}

Determining if the function pthread_create exists in the pthreads failed with the following output:
Change Dir: /home/koliver/Documents/1213/MAVkit-master/build/CMakeFiles/CMakeTmp

Run Build Command:"/usr/bin/make" "cmTC_5acb4/fast"
/usr/bin/make -f CMakeFiles/cmTC_5acb4.dir/build.make CMakeFiles/cmTC_5acb4.dir/build
make[1]: Entering directory `/home/koliver/Documents/1213/MAVkit-master/build/CMakeFiles/CMakeTmp'
Building C object CMakeFiles/cmTC_5acb4.dir/CheckFunctionExists.c.o
/usr/bin/cc    -DCHECK_FUNCTION_EXISTS=pthread_create   -o CMakeFiles/cmTC_5acb4.dir/CheckFunctionExists.c.o   -c /usr/local/share/cmake-3.6/Modules/CheckFunctionExists.c
Linking C executable cmTC_5acb4
/usr/local/bin/cmake -E cmake_link_script CMakeFiles/cmTC_5acb4.dir/link.txt --verbose=1
/usr/bin/cc   -DCHECK_FUNCTION_EXISTS=pthread_create    CMakeFiles/cmTC_5acb4.dir/CheckFunctionExists.c.o  -o cmTC_5acb4 -rdynamic -lpthreads 
/usr/bin/ld: cannot find -lpthreads
collect2: error: ld returned 1 exit status
make[1]: *** [cmTC_5acb4] Error 1
make[1]: Leaving directory `/home/koliver/Documents/1213/MAVkit-master/build/CMakeFiles/CMakeTmp'
make: *** [cmTC_5acb4/fast] Error 2


